<?xml version="1.0" encoding="UTF-8"?>
<!-- Generated by org.testng.reporters.JUnitReportReporter -->
<testsuite hostname="DESKTOP-ONVP2CN" failures="0" tests="1" name="runnerScript.Login" time="35.707" errors="0" timestamp="2024-10-04T15:02:00 IST" skipped="0">
  <testcase classname="runnerScript.Login" name="login1" time="35.707"/>
  <system-out/>
</testsuite> <!-- runnerScript.Login -->
